[INFO] 2016/02/20 09:40:50 Starting RPC Listener
[INFO] 2016/02/20 09:41:36 Generate MAC for TAP device: 06:2e:0c:09:1c:2c
[INFO] 2016/02/20 09:41:36 Looking for available network interfaces
[INFO] 2016/02/20 09:41:36 Interface lo: 127.0.0.1/8. Type: Loopback. Ignoring
[INFO] 2016/02/20 09:41:36 Interface lo: ::1/128. Type: Loopback. Ignoring
[INFO] 2016/02/20 09:41:36 Interface eth0: 10.10.0.148/24. Type: Global Unicast. Saving
[INFO] 2016/02/20 09:41:36 Interface eth0: fe80::216:3eff:fe72:3af9/64. Type: Link Local Unicast. Ignoring
[INFO] 2016/02/20 09:41:36 1 interfaces were saved
[INFO] 2016/02/20 09:41:36 No AES key were provided. Traffic encryption is disabled
[ERROR] 2016/02/20 09:41:36 Failed to load config: open config.yaml: no such file or directory
[ERROR] 2016/02/20 09:41:36 Failed to open TAP device: open /dev/net/tun: no such file or directory
[INFO] 2016/02/20 09:41:36 Started UDP Listener at port 42046
[INFO] 2016/02/20 09:41:36 DHT operating in CLIENT mode
[INFO] 2016/02/20 09:41:36 Connecting to a router dht1.subut.ai:6881
[INFO] 2016/02/20 09:41:36 Ready to peer discovery via dht1.subut.ai:6881 [52.34.217.204:6881]
[INFO] 2016/02/20 09:41:36 Handshaked. Starting listener
[INFO] 2016/02/20 09:41:36 Bootstraping via 52.34.217.204:6881
panic: runtime error: invalid memory address or nil pointer dereference
[signal 0xb code=0x1 addr=0x10 pc=0x499395]

goroutine 18 [running]:
github.com/subutai-io/p2p/lib.(*Interface).ReadPacket(0x0, 0x0, 0x0, 0x0)
	/home/crioto/Projects/golang/src/github.com/subutai-io/p2p/lib/tuntap.go:66 +0x65
main.(*PTPCloud).ListenInterface(0xc82007f600)
	/home/crioto/Projects/golang/src/github.com/subutai-io/p2p/p2p.go:117 +0x93
created by main.p2pmain
	/home/crioto/Projects/golang/src/github.com/subutai-io/p2p/p2p.go:293 +0x13c2

goroutine 1 [sleep]:
time.Sleep(0x12a05f200)
	/usr/lib/go/src/runtime/time.go:59 +0xf9
main.main()
	/home/crioto/Projects/golang/src/github.com/subutai-io/p2p/main.go:448 +0x1168

goroutine 17 [syscall, locked to thread]:
runtime.goexit()
	/usr/lib/go/src/runtime/asm_amd64.s:1721 +0x1

goroutine 6 [syscall]:
os/signal.loop()
	/usr/lib/go/src/os/signal/signal_unix.go:22 +0x18
created by os/signal.init.1
	/usr/lib/go/src/os/signal/signal_unix.go:28 +0x37

goroutine 7 [IO wait]:
net.runtime_pollWait(0x7fc08fac39b0, 0x72, 0xc820012200)
	/usr/lib/go/src/runtime/netpoll.go:157 +0x60
net.(*pollDesc).Wait(0xc820016ae0, 0x72, 0x0, 0x0)
	/usr/lib/go/src/net/fd_poll_runtime.go:73 +0x3a
net.(*pollDesc).WaitRead(0xc820016ae0, 0x0, 0x0)
	/usr/lib/go/src/net/fd_poll_runtime.go:78 +0x36
net.(*netFD).accept(0xc820016a80, 0x0, 0x7fc08ea7c090, 0xc82000b520)
	/usr/lib/go/src/net/fd_unix.go:408 +0x27c
net.(*TCPListener).AcceptTCP(0xc8200280c0, 0xc820034e70, 0x0, 0x0)
	/usr/lib/go/src/net/tcpsock_posix.go:254 +0x4d
net.(*TCPListener).Accept(0xc8200280c0, 0x0, 0x0, 0x0, 0x0)
	/usr/lib/go/src/net/tcpsock_posix.go:264 +0x3d
net/http.(*Server).Serve(0xc820112000, 0x7fc08fac2a08, 0xc8200280c0, 0x0, 0x0)
	/usr/lib/go/src/net/http/server.go:1887 +0xb3
net/http.Serve(0x7fc08fac2a08, 0xc8200280c0, 0x0, 0x0, 0x0, 0x0)
	/usr/lib/go/src/net/http/server.go:1765 +0x85
created by main.main
	/home/crioto/Projects/golang/src/github.com/subutai-io/p2p/main.go:432 +0x1078

goroutine 8 [select, locked to thread]:
runtime.gopark(0x97af10, 0xc820027728, 0x8b86f0, 0x6, 0x443918, 0x2)
	/usr/lib/go/src/runtime/proc.go:185 +0x163
runtime.selectgoImpl(0xc820027728, 0x0, 0x18)
	/usr/lib/go/src/runtime/select.go:392 +0xa64
runtime.selectgo(0xc820027728)
	/usr/lib/go/src/runtime/select.go:212 +0x12
runtime.ensureSigM.func1()
	/usr/lib/go/src/runtime/signal1_unix.go:227 +0x353
runtime.goexit()
	/usr/lib/go/src/runtime/asm_amd64.s:1721 +0x1

goroutine 9 [chan receive]:
main.main.func1(0xc82001a2a0)
	/home/crioto/Projects/golang/src/github.com/subutai-io/p2p/main.go:441 +0x7e
created by main.main
	/home/crioto/Projects/golang/src/github.com/subutai-io/p2p/main.go:446 +0x1155

goroutine 11 [IO wait]:
net.runtime_pollWait(0x7fc08fac38f0, 0x72, 0xc820012200)
	/usr/lib/go/src/runtime/netpoll.go:157 +0x60
net.(*pollDesc).Wait(0xc820016b50, 0x72, 0x0, 0x0)
	/usr/lib/go/src/net/fd_poll_runtime.go:73 +0x3a
net.(*pollDesc).WaitRead(0xc820016b50, 0x0, 0x0)
	/usr/lib/go/src/net/fd_poll_runtime.go:78 +0x36
net.(*netFD).Read(0xc820016af0, 0xc82012a000, 0x1000, 0x1000, 0x0, 0x7fc08fabe050, 0xc820012200)
	/usr/lib/go/src/net/fd_unix.go:232 +0x23a
net.(*conn).Read(0xc8200280d0, 0xc82012a000, 0x1000, 0x1000, 0x0, 0x0, 0x0)
	/usr/lib/go/src/net/net.go:172 +0xe4
bufio.(*Reader).fill(0xc82001a480)
	/usr/lib/go/src/bufio/bufio.go:97 +0x1e9
bufio.(*Reader).Read(0xc82001a480, 0xc820108230, 0x1, 0x9, 0x0, 0x0, 0x0)
	/usr/lib/go/src/bufio/bufio.go:207 +0x260
io.ReadAtLeast(0x7fc08fac3d00, 0xc82001a480, 0xc820108230, 0x1, 0x9, 0x1, 0x0, 0x0, 0x0)
	/usr/lib/go/src/io/io.go:298 +0xe6
io.ReadFull(0x7fc08fac3d00, 0xc82001a480, 0xc820108230, 0x1, 0x9, 0xc820010280, 0x0, 0x0)
	/usr/lib/go/src/io/io.go:316 +0x62
encoding/gob.decodeUintReader(0x7fc08fac3d00, 0xc82001a480, 0xc820108230, 0x9, 0x9, 0x0, 0x1, 0x0, 0x0)
	/usr/lib/go/src/encoding/gob/decode.go:121 +0x92
encoding/gob.(*Decoder).recvMessage(0xc820088800, 0xc820099408)
	/usr/lib/go/src/encoding/gob/decoder.go:76 +0x5e
encoding/gob.(*Decoder).decodeTypeSequence(0xc820088800, 0x97af00, 0xc820088800)
	/usr/lib/go/src/encoding/gob/decoder.go:140 +0x47
encoding/gob.(*Decoder).DecodeValue(0xc820088800, 0x765060, 0xc82000bd20, 0x16, 0x0, 0x0)
	/usr/lib/go/src/encoding/gob/decoder.go:208 +0x15d
encoding/gob.(*Decoder).Decode(0xc820088800, 0x765060, 0xc82000bd20, 0x0, 0x0)
	/usr/lib/go/src/encoding/gob/decoder.go:185 +0x289
net/rpc.(*gobServerCodec).ReadRequestHeader(0xc8200f28a0, 0xc82000bd20, 0x0, 0x0)
	/usr/lib/go/src/net/rpc/server.go:403 +0x51
net/rpc.(*Server).readRequestHeader(0xc820011840, 0x7fc08fac3d50, 0xc8200f28a0, 0x0, 0x0, 0xc82000bd20, 0xc820099700, 0x0, 0x0)
	/usr/lib/go/src/net/rpc/server.go:576 +0x90
net/rpc.(*Server).readRequest(0xc820011840, 0x7fc08fac3d50, 0xc8200f28a0, 0xc820011840, 0xc820108250, 0xc820088480, 0x0, 0x0, 0x0, 0x0, ...)
	/usr/lib/go/src/net/rpc/server.go:543 +0x8b
net/rpc.(*Server).ServeCodec(0xc820011840, 0x7fc08fac3d50, 0xc8200f28a0)
	/usr/lib/go/src/net/rpc/server.go:462 +0x8c
net/rpc.(*Server).ServeConn(0xc820011840, 0x7fc08fac3ca0, 0xc8200280d0)
	/usr/lib/go/src/net/rpc/server.go:454 +0x4ee
net/rpc.(*Server).ServeHTTP(0xc820011840, 0x7fc08fac3bf0, 0xc8200d33f0, 0xc8200941c0)
	/usr/lib/go/src/net/rpc/server.go:694 +0x503
net/http.(*ServeMux).ServeHTTP(0xc82000f3e0, 0x7fc08fac3bf0, 0xc8200d33f0, 0xc8200941c0)
	/usr/lib/go/src/net/http/server.go:1699 +0x17d
net/http.serverHandler.ServeHTTP(0xc820112000, 0x7fc08fac3bf0, 0xc8200d33f0, 0xc8200941c0)
	/usr/lib/go/src/net/http/server.go:1862 +0x19e
net/http.(*conn).serve(0xc8200d3340)
	/usr/lib/go/src/net/http/server.go:1361 +0xbee
created by net/http.(*Server).Serve
	/usr/lib/go/src/net/http/server.go:1910 +0x3f6

goroutine 15 [IO wait]:
net.runtime_pollWait(0x7fc08fac3770, 0x72, 0xc820012200)
	/usr/lib/go/src/runtime/netpoll.go:157 +0x60
net.(*pollDesc).Wait(0xc820017480, 0x72, 0x0, 0x0)
	/usr/lib/go/src/net/fd_poll_runtime.go:73 +0x3a
net.(*pollDesc).WaitRead(0xc820017480, 0x0, 0x0)
	/usr/lib/go/src/net/fd_poll_runtime.go:78 +0x36
net.(*netFD).readFrom(0xc820017420, 0xc82008d000, 0x200, 0x200, 0x0, 0x0, 0x0, 0x7fc08fabe050, 0xc820012200)
	/usr/lib/go/src/net/fd_unix.go:259 +0x2a5
net.(*UDPConn).ReadFromUDP(0xc820028248, 0xc82008d000, 0x200, 0x200, 0x1, 0x1, 0x0, 0x0)
	/usr/lib/go/src/net/udpsock_posix.go:61 +0x117
github.com/subutai-io/p2p/lib.(*DHTClient).ListenDHT(0xc82007b9e0, 0xc820028248, 0x0, 0x0)
	/home/crioto/Projects/golang/src/github.com/subutai-io/p2p/lib/dht.go:239 +0x841
created by github.com/subutai-io/p2p/lib.(*DHTClient).Initialize
	/home/crioto/Projects/golang/src/github.com/subutai-io/p2p/lib/dht.go:439 +0x899

goroutine 16 [IO wait]:
net.runtime_pollWait(0x7fc08fac3830, 0x72, 0xc820012200)
	/usr/lib/go/src/runtime/netpoll.go:157 +0x60
net.(*pollDesc).Wait(0xc820017330, 0x72, 0x0, 0x0)
	/usr/lib/go/src/net/fd_poll_runtime.go:73 +0x3a
net.(*pollDesc).WaitRead(0xc820017330, 0x0, 0x0)
	/usr/lib/go/src/net/fd_poll_runtime.go:78 +0x36
net.(*netFD).readFrom(0xc8200172d0, 0xc820134028, 0x1000, 0x1000, 0x0, 0x0, 0x0, 0x7fc08fabe050, 0xc820012200)
	/usr/lib/go/src/net/fd_unix.go:259 +0x2a5
net.(*UDPConn).ReadFromUDP(0xc820028230, 0xc820134028, 0x1000, 0x1000, 0x0, 0x0, 0x0, 0x0)
	/usr/lib/go/src/net/udpsock_posix.go:61 +0x117
github.com/subutai-io/p2p/lib.(*PTPNet).Listen(0xc820134000, 0xc820109640)
	/home/crioto/Projects/golang/src/github.com/subutai-io/p2p/lib/net.go:251 +0x81
created by main.p2pmain
	/home/crioto/Projects/golang/src/github.com/subutai-io/p2p/p2p.go:291 +0x139d

goroutine 19 [sleep]:
time.Sleep(0xb2d05e00)
	/usr/lib/go/src/runtime/time.go:59 +0xf9
main.(*PTPCloud).Run(0xc82007f600)
	/home/crioto/Projects/golang/src/github.com/subutai-io/p2p/p2p.go:307 +0x173
created by main.(*Procedures).Run
	/home/crioto/Projects/golang/src/github.com/subutai-io/p2p/main.go:216 +0x48e
